::1 - - [04/Feb/2018:00:14:15 +0000] "GET / HTTP/1.1" 200 1197
::1 - - [04/Feb/2018:00:14:15 +0000] "GET /css/katy.css HTTP/1.1" 200 576
::1 - - [04/Feb/2018:00:14:15 +0000] "GET /css/font-awesome.css HTTP/1.1" 200 7344
::1 - - [04/Feb/2018:00:14:15 +0000] "GET /fonts/fontawesome-webfont.woff2?v=4.7.0 HTTP/1.1" 200 77160
::1 - - [04/Feb/2018:00:14:15 +0000] "GET /favicon.ico HTTP/1.1" 404 14
::1 - - [04/Feb/2018:00:32:12 +0000] "GET / HTTP/2.0" 200 1197
::1 - - [04/Feb/2018:00:32:12 +0000] "GET /css/katy.css HTTP/2.0" 200 576
::1 - - [04/Feb/2018:00:32:12 +0000] "GET /css/font-awesome.css HTTP/2.0" 200 7344
::1 - - [04/Feb/2018:00:32:12 +0000] "GET /fonts/fontawesome-webfont.woff2?v=4.7.0 HTTP/2.0" 200 77160
::1 - - [04/Feb/2018:00:32:12 +0000] "GET /favicon.ico HTTP/2.0" 404 14
::1 - - [04/Feb/2018:00:32:14 +0000] "GET / HTTP/2.0" 200 1197
::1 - - [04/Feb/2018:00:32:14 +0000] "GET /css/katy.css HTTP/2.0" 200 576
::1 - - [04/Feb/2018:00:32:14 +0000] "GET /css/font-awesome.css HTTP/2.0" 200 7344
::1 - - [04/Feb/2018:00:32:23 +0000] "GET / HTTP/2.0" 200 1197
::1 - - [04/Feb/2018:00:32:23 +0000] "GET /css/katy.css HTTP/2.0" 200 576
::1 - - [04/Feb/2018:00:32:23 +0000] "GET /css/font-awesome.css HTTP/2.0" 200 7344
::1 - - [04/Feb/2018:00:32:25 +0000] "GET / HTTP/2.0" 200 1197
::1 - - [04/Feb/2018:00:32:25 +0000] "GET /css/katy.css HTTP/2.0" 200 576
::1 - - [04/Feb/2018:00:32:25 +0000] "GET /css/font-awesome.css HTTP/2.0" 200 7344
::1 - - [04/Feb/2018:00:32:27 +0000] "GET /css/katy.css HTTP/2.0" 200 576
::1 - - [04/Feb/2018:00:32:27 +0000] "GET /css/font-awesome.css HTTP/2.0" 200 7344
::1 - - [04/Feb/2018:00:32:29 +0000] "GET / HTTP/2.0" 200 1197
::1 - - [04/Feb/2018:00:32:29 +0000] "GET /css/katy.css HTTP/2.0" 200 576
::1 - - [04/Feb/2018:00:32:29 +0000] "GET /css/font-awesome.css HTTP/2.0" 200 7344
::1 - - [04/Feb/2018:00:32:29 +0000] "GET /fonts/fontawesome-webfont.woff2?v=4.7.0 HTTP/2.0" 200 77160
::1 - - [04/Feb/2018:00:32:30 +0000] "GET / HTTP/2.0" 200 1197
::1 - - [04/Feb/2018:00:32:30 +0000] "GET /css/katy.css HTTP/2.0" 200 576
::1 - - [04/Feb/2018:00:32:30 +0000] "GET /css/font-awesome.css HTTP/2.0" 200 7344
::1 - - [04/Feb/2018:00:32:30 +0000] "GET /fonts/fontawesome-webfont.woff2?v=4.7.0 HTTP/2.0" 200 77160
::1 - - [04/Feb/2018:00:33:31 +0000] "GET / HTTP/2.0" 200 1201
::1 - - [04/Feb/2018:00:33:31 +0000] "GET /css/katy.css HTTP/2.0" 200 576
::1 - - [04/Feb/2018:00:33:31 +0000] "GET /css/font-awesome.css HTTP/2.0" 200 7344
::1 - - [04/Feb/2018:00:33:49 +0000] "GET / HTTP/2.0" 200 1200
::1 - - [04/Feb/2018:00:33:49 +0000] "GET /css/katy.css HTTP/2.0" 200 576
::1 - - [04/Feb/2018:00:33:49 +0000] "GET /css/font-awesome.css HTTP/2.0" 200 7344
::1 - - [05/Feb/2018:10:57:17 +0000] "GET / HTTP/2.0" 200 1200
::1 - - [05/Feb/2018:10:57:17 +0000] "GET /css/katy.css HTTP/2.0" 200 576
::1 - - [05/Feb/2018:10:57:17 +0000] "GET /css/font-awesome.css HTTP/2.0" 200 7344
::1 - - [05/Feb/2018:10:57:17 +0000] "GET /fonts/fontawesome-webfont.woff2?v=4.7.0 HTTP/2.0" 200 77160
::1 - - [05/Feb/2018:10:57:17 +0000] "GET /favicon.ico HTTP/2.0" 404 14
